2015-08-24 12:32:08,282 INFO  [org.springframework.extensions.webscripts.TemplateProcessorRegistry] [localhost-startStop-1] Registered template processor freemarker for extension ftl
2015-08-24 12:32:08,311 INFO  [org.springframework.extensions.webscripts.ScriptProcessorRegistry] [localhost-startStop-1] Registered script processor javascript for extension js
2015-08-24 12:32:08,312 INFO  [org.springframework.extensions.webscripts.TemplateProcessorRegistry] [localhost-startStop-1] Registered template processor freemarker for extension ftl
2015-08-24 12:32:08,313 INFO  [org.springframework.extensions.webscripts.ScriptProcessorRegistry] [localhost-startStop-1] Registered script processor javascript for extension js
2015-08-24 12:32:19,960 INFO  [org.springframework.extensions.webscripts.DeclarativeRegistry] [localhost-startStop-1] Registered 370 Web Scripts (+0 failed), 385 URLs
2015-08-24 12:32:19,960 INFO  [org.springframework.extensions.webscripts.DeclarativeRegistry] [localhost-startStop-1] Registered 8 Package Description Documents (+0 failed) 
2015-08-24 12:32:19,960 INFO  [org.springframework.extensions.webscripts.DeclarativeRegistry] [localhost-startStop-1] Registered 0 Schema Description Documents (+0 failed) 
2015-08-24 12:32:20,064 INFO  [org.springframework.extensions.webscripts.AbstractRuntimeContainer] [localhost-startStop-1] Initialised Spring Surf Container Web Script Container (in 11613.965ms)
2015-08-24 12:32:20,068 INFO  [org.springframework.extensions.webscripts.TemplateProcessorRegistry] [localhost-startStop-1] Registered template processor freemarker for extension ftl
2015-08-24 12:32:20,070 INFO  [org.springframework.extensions.webscripts.ScriptProcessorRegistry] [localhost-startStop-1] Registered script processor javascript for extension js
2015-08-24 12:32:29,263 INFO  [org.alfresco.web.site.EditionInterceptor] [http-bio-8081-exec-8] Unable to retrieve License information from Alfresco: 401
2015-08-24 12:32:42,394 INFO  [org.alfresco.web.site.EditionInterceptor] [http-bio-8081-exec-4] Successfully retrieved license information from Alfresco.
2015-08-24 12:32:45,470 INFO  [org.alfresco.web.scripts.ImapServerStatus] [http-bio-8081-exec-4] Successfully retrieved IMAP server status from Alfresco: disabled
2015-08-24 12:42:47,939 INFO  [org.alfresco.web.scripts.DictionaryQuery] [http-bio-8081-exec-8] Successfully retrieved Data Dictionary from Alfresco.
2015-08-24 13:02:59,737 INFO  [org.alfresco.web.scripts.QuickShareStatus] [http-bio-8081-exec-1] Successfully retrieved quick share information from Alfresco.
2015-08-24 13:03:01,437 INFO  [org.alfresco.web.scripts.MimetypesQuery] [http-bio-8081-exec-9] Successfully retrieved mimetypes information from Alfresco.
2015-08-24 16:55:46,150 INFO  [org.springframework.extensions.webscripts.TemplateProcessorRegistry] [localhost-startStop-1] Registered template processor freemarker for extension ftl
2015-08-24 16:55:46,155 INFO  [org.springframework.extensions.webscripts.ScriptProcessorRegistry] [localhost-startStop-1] Registered script processor javascript for extension js
2015-08-24 16:55:46,156 INFO  [org.springframework.extensions.webscripts.TemplateProcessorRegistry] [localhost-startStop-1] Registered template processor freemarker for extension ftl
2015-08-24 16:55:46,157 INFO  [org.springframework.extensions.webscripts.ScriptProcessorRegistry] [localhost-startStop-1] Registered script processor javascript for extension js
2015-08-24 16:55:57,735 INFO  [org.springframework.extensions.webscripts.DeclarativeRegistry] [localhost-startStop-1] Registered 370 Web Scripts (+0 failed), 385 URLs
2015-08-24 16:55:57,736 INFO  [org.springframework.extensions.webscripts.DeclarativeRegistry] [localhost-startStop-1] Registered 8 Package Description Documents (+0 failed) 
2015-08-24 16:55:57,736 INFO  [org.springframework.extensions.webscripts.DeclarativeRegistry] [localhost-startStop-1] Registered 0 Schema Description Documents (+0 failed) 
2015-08-24 16:55:57,830 INFO  [org.springframework.extensions.webscripts.AbstractRuntimeContainer] [localhost-startStop-1] Initialised Spring Surf Container Web Script Container (in 11645.44ms)
2015-08-24 16:55:57,833 INFO  [org.springframework.extensions.webscripts.TemplateProcessorRegistry] [localhost-startStop-1] Registered template processor freemarker for extension ftl
2015-08-24 16:55:57,834 INFO  [org.springframework.extensions.webscripts.ScriptProcessorRegistry] [localhost-startStop-1] Registered script processor javascript for extension js
2015-08-24 16:55:59,490 INFO  [org.alfresco.web.site.EditionInterceptor] [http-bio-8081-exec-8] Unable to retrieve License information from Alfresco: 401
2015-08-24 16:56:11,787 INFO  [org.alfresco.web.site.EditionInterceptor] [http-bio-8081-exec-10] Successfully retrieved license information from Alfresco.
2015-08-24 16:56:15,663 INFO  [org.alfresco.web.scripts.ImapServerStatus] [http-bio-8081-exec-10] Successfully retrieved IMAP server status from Alfresco: disabled
2015-08-24 16:56:26,380 INFO  [org.alfresco.web.scripts.DictionaryQuery] [http-bio-8081-exec-3] Successfully retrieved Data Dictionary from Alfresco.
2015-08-24 17:16:03,115 INFO  [org.springframework.extensions.webscripts.TemplateProcessorRegistry] [localhost-startStop-1] Registered template processor freemarker for extension ftl
2015-08-24 17:16:03,119 INFO  [org.springframework.extensions.webscripts.ScriptProcessorRegistry] [localhost-startStop-1] Registered script processor javascript for extension js
2015-08-24 17:16:03,120 INFO  [org.springframework.extensions.webscripts.TemplateProcessorRegistry] [localhost-startStop-1] Registered template processor freemarker for extension ftl
2015-08-24 17:16:03,121 INFO  [org.springframework.extensions.webscripts.ScriptProcessorRegistry] [localhost-startStop-1] Registered script processor javascript for extension js
2015-08-24 17:16:10,025 INFO  [org.springframework.extensions.webscripts.DeclarativeRegistry] [localhost-startStop-1] Registered 370 Web Scripts (+0 failed), 385 URLs
2015-08-24 17:16:10,025 INFO  [org.springframework.extensions.webscripts.DeclarativeRegistry] [localhost-startStop-1] Registered 8 Package Description Documents (+0 failed) 
2015-08-24 17:16:10,026 INFO  [org.springframework.extensions.webscripts.DeclarativeRegistry] [localhost-startStop-1] Registered 0 Schema Description Documents (+0 failed) 
2015-08-24 17:16:10,102 INFO  [org.springframework.extensions.webscripts.AbstractRuntimeContainer] [localhost-startStop-1] Initialised Spring Surf Container Web Script Container (in 6949.119ms)
2015-08-24 17:16:10,105 INFO  [org.springframework.extensions.webscripts.TemplateProcessorRegistry] [localhost-startStop-1] Registered template processor freemarker for extension ftl
2015-08-24 17:16:10,105 INFO  [org.springframework.extensions.webscripts.ScriptProcessorRegistry] [localhost-startStop-1] Registered script processor javascript for extension js
2015-08-24 17:31:28,166 INFO  [org.alfresco.web.site.EditionInterceptor] [http-bio-8081-exec-2] Unable to retrieve License information from Alfresco: 401
2015-08-24 17:31:35,620 INFO  [org.alfresco.web.site.EditionInterceptor] [http-bio-8081-exec-4] Successfully retrieved license information from Alfresco.
2015-08-24 17:31:42,553 INFO  [org.alfresco.web.scripts.DictionaryQuery] [http-bio-8081-exec-8] Successfully retrieved Data Dictionary from Alfresco.
2015-08-24 17:32:46,443 INFO  [org.alfresco.web.scripts.ImapServerStatus] [http-bio-8081-exec-7] Successfully retrieved IMAP server status from Alfresco: disabled
2015-08-24 17:32:46,772 INFO  [org.alfresco.web.scripts.QuickShareStatus] [http-bio-8081-exec-7] Successfully retrieved quick share information from Alfresco.
2015-08-24 17:32:48,200 INFO  [org.alfresco.web.scripts.MimetypesQuery] [http-bio-8081-exec-7] Successfully retrieved mimetypes information from Alfresco.
2015-08-24 17:36:12,455 INFO  [org.springframework.extensions.webscripts.TemplateProcessorRegistry] [localhost-startStop-1] Registered template processor freemarker for extension ftl
2015-08-24 17:36:12,459 INFO  [org.springframework.extensions.webscripts.ScriptProcessorRegistry] [localhost-startStop-1] Registered script processor javascript for extension js
2015-08-24 17:36:12,460 INFO  [org.springframework.extensions.webscripts.TemplateProcessorRegistry] [localhost-startStop-1] Registered template processor freemarker for extension ftl
2015-08-24 17:36:12,461 INFO  [org.springframework.extensions.webscripts.ScriptProcessorRegistry] [localhost-startStop-1] Registered script processor javascript for extension js
2015-08-24 17:36:19,483 INFO  [org.springframework.extensions.webscripts.DeclarativeRegistry] [localhost-startStop-1] Registered 370 Web Scripts (+0 failed), 385 URLs
2015-08-24 17:36:19,483 INFO  [org.springframework.extensions.webscripts.DeclarativeRegistry] [localhost-startStop-1] Registered 8 Package Description Documents (+0 failed) 
2015-08-24 17:36:19,483 INFO  [org.springframework.extensions.webscripts.DeclarativeRegistry] [localhost-startStop-1] Registered 0 Schema Description Documents (+0 failed) 
2015-08-24 17:36:19,602 INFO  [org.springframework.extensions.webscripts.AbstractRuntimeContainer] [localhost-startStop-1] Initialised Spring Surf Container Web Script Container (in 7114.5264ms)
2015-08-24 17:36:19,605 INFO  [org.springframework.extensions.webscripts.TemplateProcessorRegistry] [localhost-startStop-1] Registered template processor freemarker for extension ftl
2015-08-24 17:36:19,608 INFO  [org.springframework.extensions.webscripts.ScriptProcessorRegistry] [localhost-startStop-1] Registered script processor javascript for extension js
2015-08-24 17:38:10,196 INFO  [org.alfresco.web.site.EditionInterceptor] [http-bio-8081-exec-1] Unable to retrieve License information from Alfresco: 401
2015-08-24 17:38:17,307 INFO  [org.alfresco.web.site.EditionInterceptor] [http-bio-8081-exec-8] Successfully retrieved license information from Alfresco.
2015-08-24 17:40:18,372 INFO  [org.alfresco.web.scripts.ImapServerStatus] [http-bio-8081-exec-10] Successfully retrieved IMAP server status from Alfresco: disabled
2015-08-24 17:40:27,851 INFO  [org.alfresco.web.scripts.QuickShareStatus] [http-bio-8081-exec-1] Successfully retrieved quick share information from Alfresco.
2015-08-24 17:40:29,191 INFO  [org.alfresco.web.scripts.MimetypesQuery] [http-bio-8081-exec-6] Successfully retrieved mimetypes information from Alfresco.
2015-08-24 17:52:32,298 INFO  [org.alfresco.web.scripts.DictionaryQuery] [http-bio-8081-exec-3] Successfully retrieved Data Dictionary from Alfresco.
